<?xml version="1.0" encoding="UTF-8"?>
<!-- Generated by org.testng.reporters.JUnitReportReporter -->
<testsuite skipped="0" hostname="clm-pun-to9k3t" name="testng.Flipkart" tests="3" failures="0" timestamp="2019-09-27T11:27:51 IST" time="20.400" errors="0">
  <testcase name="TestLaunchFlipkart" time="7.302" classname="testng.Flipkart"/>
  <testcase name="TestLogin" time="5.516" classname="testng.Flipkart"/>
  <testcase name="TestSelectCategory" time="7.582" classname="testng.Flipkart"/>
</testsuite> <!-- testng.Flipkart -->
