<?xml version="1.0" encoding="UTF-8"?>
<!-- Generated by org.testng.reporters.JUnitReportReporter -->
<testsuite skipped="2" hostname="clm-pun-to9k3t" name="testng.TestGMO" tests="7" failures="0" timestamp="2019-09-27T13:21:05 IST" time="11.307" errors="0">
  <testcase name="TestLaunchGMO" time="1.980" classname="testng.TestGMO"/>
  <testcase name="TestGMOHome" time="4.457" classname="testng.TestGMO"/>
  <testcase name="TestCatalogPage" time="2.501" classname="testng.TestGMO"/>
  <testcase name="TestPlaceOrder" time="0.393" classname="testng.TestGMO"/>
  <testcase name="TestBillingInfo" time="1.976" classname="testng.TestGMO"/>
  <testcase name="TestCatalogPlaceOrder" classname="testng.TestGMO">
    <skipped/>
  </testcase> <!-- TestCatalogPlaceOrder -->
  <testcase name="TestCatalog" classname="testng.TestGMO">
    <skipped/>
  </testcase> <!-- TestCatalog -->
</testsuite> <!-- testng.TestGMO -->
