<?xml version="1.0" encoding="UTF-8"?>
<!-- Generated by org.testng.reporters.JUnitReportReporter -->
<testsuite skipped="0" hostname="clm-pun-to9k3t" name="testng.Expedia" tests="5" failures="0" timestamp="2019-09-27T13:21:05 IST" time="40.495" errors="0">
  <testcase name="TestLaunchExpedia" time="25.260" classname="testng.Expedia"/>
  <testcase name="TestOpenSupportPage" time="6.995" classname="testng.Expedia"/>
  <testcase name="TestSendFeedback" time="5.185" classname="testng.Expedia"/>
  <testcase name="TestSwitchToFirstBrowser" time="0.212" classname="testng.Expedia"/>
  <testcase name="TestDestinationSelection" time="2.843" classname="testng.Expedia"/>
</testsuite> <!-- testng.Expedia -->
