<?xml version="1.0" encoding="UTF-8"?>
<!-- Generated by org.testng.reporters.JUnitReportReporter -->
<testsuite skipped="0" hostname="clm-pun-to9k3t" name="testng.TestFrames" tests="3" failures="0" timestamp="2019-09-27T13:21:05 IST" time="72.671" errors="0">
  <testcase name="TestLaunchFrames" time="9.565" classname="testng.TestFrames"/>
  <testcase name="TestFramesInPage" time="7.434" classname="testng.TestFrames"/>
  <testcase name="TestFrameNavigation" time="55.672" classname="testng.TestFrames"/>
</testsuite> <!-- testng.TestFrames -->
