<?xml version="1.0" encoding="UTF-8"?>
<!-- Generated by org.testng.reporters.JUnitReportReporter -->
<testsuite skipped="0" hostname="clm-pun-to9k3t" name="testng.TestFrames" tests="3" failures="0" timestamp="2019-09-27T11:11:19 IST" time="83.783" errors="0">
  <testcase name="TestLaunchFrames" time="14.231" classname="testng.TestFrames"/>
  <testcase name="TestFramesInPage" time="7.850" classname="testng.TestFrames"/>
  <testcase name="TestFrameNavigation" time="61.702" classname="testng.TestFrames"/>
</testsuite> <!-- testng.TestFrames -->
