<?xml version="1.0" encoding="UTF-8"?>
<!-- Generated by org.testng.reporters.JUnitReportReporter -->
<testsuite skipped="2" hostname="clm-pun-to9k3t" name="testng.TestGMO" tests="7" failures="0" timestamp="2019-09-27T11:11:19 IST" time="8.386" errors="0">
  <testcase name="TestLaunchGMO" time="1.492" classname="testng.TestGMO"/>
  <testcase name="TestGMOHome" time="3.002" classname="testng.TestGMO"/>
  <testcase name="TestCatalogPage" time="1.949" classname="testng.TestGMO"/>
  <testcase name="TestPlaceOrder" time="0.406" classname="testng.TestGMO"/>
  <testcase name="TestBillingInfo" time="1.537" classname="testng.TestGMO"/>
  <testcase name="TestCatalogPlaceOrder" classname="testng.TestGMO">
    <skipped/>
  </testcase> <!-- TestCatalogPlaceOrder -->
  <testcase name="TestCatalog" classname="testng.TestGMO">
    <skipped/>
  </testcase> <!-- TestCatalog -->
</testsuite> <!-- testng.TestGMO -->
