<?xml version="1.0" encoding="UTF-8"?>
<!-- Generated by org.testng.reporters.JUnitReportReporter -->
<testsuite skipped="0" hostname="clm-pun-to9k3t" name="testng.Expedia" tests="5" failures="0" timestamp="2019-09-27T11:11:19 IST" time="55.491" errors="0">
  <testcase name="TestLaunchExpedia" time="40.289" classname="testng.Expedia"/>
  <testcase name="TestOpenSupportPage" time="7.075" classname="testng.Expedia"/>
  <testcase name="TestSendFeedback" time="5.080" classname="testng.Expedia"/>
  <testcase name="TestSwitchToFirstBrowser" time="0.162" classname="testng.Expedia"/>
  <testcase name="TestDestinationSelection" time="2.885" classname="testng.Expedia"/>
</testsuite> <!-- testng.Expedia -->
