<?xml version="1.0" encoding="UTF-8"?>
<!-- Generated by org.testng.reporters.JUnitReportReporter -->
<testsuite skipped="0" hostname="clm-pun-to9k3t" name="testng.TestFrames" tests="3" failures="0" timestamp="2019-09-27T16:09:14 IST" time="85.551" errors="0">
  <testcase name="TestLaunchFrames" time="14.498" classname="testng.TestFrames"/>
  <testcase name="TestFramesInPage" time="2.450" classname="testng.TestFrames"/>
  <testcase name="TestFrameNavigation" time="68.603" classname="testng.TestFrames"/>
</testsuite> <!-- testng.TestFrames -->
