<?xml version="1.0" encoding="UTF-8"?>
<!-- Generated by org.testng.reporters.JUnitReportReporter -->
<testsuite skipped="0" hostname="clm-pun-to9k3t" name="testng.Expedia" tests="5" failures="0" timestamp="2019-09-27T16:09:14 IST" time="64.408" errors="0">
  <testcase name="TestLaunchExpedia" time="46.456" classname="testng.Expedia"/>
  <testcase name="TestOpenSupportPage" time="6.994" classname="testng.Expedia"/>
  <testcase name="TestSendFeedback" time="7.680" classname="testng.Expedia"/>
  <testcase name="TestSwitchToFirstBrowser" time="0.186" classname="testng.Expedia"/>
  <testcase name="TestDestinationSelection" time="3.092" classname="testng.Expedia"/>
</testsuite> <!-- testng.Expedia -->
